<?xml version="1.0" encoding="UTF-8"?>
<testsuite xmlns:xsi="http://www.w3.org/2001/XMLSchema-instance" xsi:noNamespaceSchemaLocation="https://maven.apache.org/surefire/maven-surefire-plugin/xsd/surefire-test-report.xsd" name="com.company.todoapp.TodoappApplicationTests" time="0.928" tests="7" errors="0" skipped="0" failures="0">
  <properties>
[...]
</properties>
  <testcase name="testGetByTodoId" classname="com.company.todoapp.TodoappApplicationTests" time="0.681"/>
  <testcase name="testGetAllTodos" classname="com.company.todoapp.TodoappApplicationTests" time="0.178"/>
  <testcase name="testTodoNotFoundException" classname="com.company.todoapp.TodoappApplicationTests" time="0.008"/>
  <testcase name="testUpdateTodo" classname="com.company.todoapp.TodoappApplicationTests" time="0.021"/>
  <testcase name="testGetByTodoTitle" classname="com.company.todoapp.TodoappApplicationTests" time="0.003"/>
  <testcase name="testCreateTodo" classname="com.company.todoapp.TodoappApplicationTests" time="0.002"/>
  <testcase name="testDeleteTodo" classname="com.company.todoapp.TodoappApplicationTests" time="0.005"/>
</testsuite>